TN:
SF:src\actions\index.ts
FNF:0
FNH:0
LF:0
LH:0
BRF:0
BRH:0
end_of_record
TN:
SF:src\actions\producto.actions.ts
FN:9,(anonymous_0)
FN:18,(anonymous_1)
FN:33,(anonymous_2)
FN:48,(anonymous_3)
FN:50,(anonymous_4)
FN:54,(anonymous_5)
FN:64,(anonymous_6)
FN:74,(anonymous_7)
FN:93,(anonymous_8)
FN:111,(anonymous_9)
FNF:10
FNH:0
FNDA:0,(anonymous_0)
FNDA:0,(anonymous_1)
FNDA:0,(anonymous_2)
FNDA:0,(anonymous_3)
FNDA:0,(anonymous_4)
FNDA:0,(anonymous_5)
FNDA:0,(anonymous_6)
FNDA:0,(anonymous_7)
FNDA:0,(anonymous_8)
FNDA:0,(anonymous_9)
DA:4,1
DA:5,1
DA:6,1
DA:9,1
DA:10,0
DA:11,0
DA:18,1
DA:19,0
DA:20,0
DA:21,0
DA:22,0
DA:24,0
DA:25,0
DA:27,0
DA:28,0
DA:33,1
DA:34,0
DA:35,0
DA:36,0
DA:37,0
DA:38,0
DA:40,0
DA:42,0
DA:43,0
DA:48,1
DA:49,0
DA:50,0
DA:54,1
DA:55,0
DA:56,0
DA:62,0
DA:64,0
DA:65,0
DA:66,0
DA:68,0
DA:69,0
DA:74,1
DA:75,0
DA:76,0
DA:82,0
DA:84,0
DA:85,0
DA:87,0
DA:88,0
DA:93,1
DA:94,0
DA:95,0
DA:100,0
DA:102,0
DA:103,0
DA:105,0
DA:106,0
DA:111,1
DA:112,0
DA:113,0
DA:119,0
DA:125,0
DA:127,0
DA:128,0
DA:130,0
DA:131,0
LF:61
LH:11
BRDA:13,0,0,0
BRDA:13,0,1,0
BRDA:21,1,0,0
BRDA:21,1,1,0
BRDA:36,2,0,0
BRDA:36,2,1,0
BRDA:37,3,0,0
BRDA:37,3,1,0
BRDA:62,4,0,0
BRDA:62,4,1,0
BRDA:82,5,0,0
BRDA:82,5,1,0
BRDA:100,6,0,0
BRDA:100,6,1,0
BRDA:100,7,0,0
BRDA:100,7,1,0
BRDA:125,8,0,0
BRDA:125,8,1,0
BRF:18
BRH:0
end_of_record
TN:
SF:src\components\NavBar.tsx
FN:7,(anonymous_0)
FN:12,(anonymous_1)
FNF:2
FNH:1
FNDA:1,(anonymous_0)
FNDA:0,(anonymous_1)
DA:7,1
DA:8,1
DA:9,1
DA:10,1
DA:12,1
DA:13,0
DA:14,0
LF:7
LH:5
BRDA:40,0,0,1
BRDA:40,0,1,0
BRF:2
BRH:1
end_of_record
TN:
SF:src\components\ProductoCard.tsx
FN:9,(anonymous_0)
FN:25,(anonymous_1)
FNF:2
FNH:2
FNDA:2,(anonymous_0)
FNDA:1,(anonymous_1)
DA:9,1
DA:10,2
DA:25,1
LF:3
LH:3
BRF:0
BRH:0
end_of_record
TN:
SF:src\context\AuthContext.tsx
FN:23,(anonymous_0)
FN:26,(anonymous_1)
FN:39,(anonymous_2)
FN:52,(anonymous_3)
FN:62,(anonymous_4)
FN:76,(anonymous_5)
FNF:6
FNH:6
FNDA:5,(anonymous_0)
FNDA:3,(anonymous_1)
FNDA:1,(anonymous_2)
FNDA:1,(anonymous_3)
FNDA:1,(anonymous_4)
FNDA:5,(anonymous_5)
DA:17,1
DA:23,1
DA:26,5
DA:27,3
DA:29,3
DA:31,3
DA:32,3
DA:34,0
DA:39,5
DA:40,1
DA:41,1
DA:42,1
DA:43,1
DA:45,0
DA:46,0
DA:52,5
DA:54,1
DA:55,1
DA:56,1
DA:57,1
DA:58,1
DA:62,5
DA:63,1
DA:64,1
DA:65,1
DA:66,1
DA:76,1
DA:77,5
DA:78,5
DA:79,0
DA:81,5
LF:31
LH:27
BRDA:32,0,0,1
BRDA:32,0,1,2
BRDA:32,1,0,3
BRDA:32,1,1,1
BRDA:41,2,0,1
BRDA:41,2,1,0
BRDA:78,3,0,0
BRDA:78,3,1,5
BRF:8
BRH:6
end_of_record
TN:
SF:src\context\CartContext.tsx
FN:20,(anonymous_0)
FN:23,(anonymous_1)
FN:33,(anonymous_2)
FN:38,(anonymous_3)
FN:39,(anonymous_4)
FN:41,(anonymous_5)
FN:45,(anonymous_6)
FN:58,(anonymous_7)
FN:59,(anonymous_8)
FN:60,(anonymous_9)
FN:64,(anonymous_10)
FN:68,(anonymous_11)
FN:81,(anonymous_12)
FNF:13
FNH:13
FNDA:8,(anonymous_0)
FNDA:3,(anonymous_1)
FNDA:8,(anonymous_2)
FNDA:4,(anonymous_3)
FNDA:4,(anonymous_4)
FNDA:1,(anonymous_5)
FNDA:1,(anonymous_6)
FNDA:1,(anonymous_7)
FNDA:1,(anonymous_8)
FNDA:1,(anonymous_9)
FNDA:4,(anonymous_10)
FNDA:4,(anonymous_11)
FNDA:8,(anonymous_12)
DA:15,1
DA:20,1
DA:23,8
DA:24,3
DA:25,3
DA:26,3
DA:28,0
DA:33,8
DA:34,8
DA:38,8
DA:39,4
DA:41,4
DA:43,4
DA:45,1
DA:46,1
DA:52,3
DA:55,4
DA:58,8
DA:59,1
DA:60,1
DA:64,8
DA:65,4
DA:68,8
DA:69,4
DA:81,1
DA:82,8
DA:83,8
DA:84,0
DA:86,8
LF:29
LH:27
BRDA:26,0,0,0
BRDA:26,0,1,3
BRDA:43,1,0,1
BRDA:43,1,1,3
BRDA:46,2,0,1
BRDA:46,2,1,0
BRDA:83,3,0,0
BRDA:83,3,1,8
BRF:8
BRH:5
end_of_record
TN:
SF:src\helpers\capitalize-first.helpers.ts
FN:2,capitalizeFirst
FNF:1
FNH:1
FNDA:5,capitalizeFirst
DA:4,5
DA:6,4
LF:2
LH:2
BRDA:4,0,0,1
BRDA:4,0,1,4
BRF:2
BRH:2
end_of_record
TN:
SF:src\helpers\fetch-data.helpers.ts
FN:5,(anonymous_0)
FN:14,(anonymous_1)
FNF:2
FNH:1
FNDA:0,(anonymous_0)
FNDA:2,(anonymous_1)
DA:5,1
DA:7,0
DA:8,0
DA:11,0
DA:14,1
DA:17,2
DA:18,2
DA:20,2
DA:21,1
DA:23,1
DA:25,1
DA:30,0
DA:32,0
DA:33,0
DA:35,0
DA:37,0
DA:38,0
DA:40,0
DA:51,0
DA:53,0
DA:54,0
LF:21
LH:8
BRDA:7,0,0,0
BRDA:7,0,1,0
BRDA:14,1,0,2
BRDA:17,2,0,2
BRDA:17,2,1,0
BRDA:47,3,0,0
BRDA:47,3,1,0
BRDA:54,4,0,0
BRDA:54,4,1,0
BRF:9
BRH:2
end_of_record
TN:
SF:src\helpers\update-array.helpers.ts
FN:4,updateArray
FN:7,(anonymous_1)
FNF:2
FNH:2
FNDA:3,updateArray
FNDA:10,(anonymous_1)
DA:5,3
DA:7,2
DA:8,10
DA:10,2
DA:12,2
LF:5
LH:5
BRDA:5,0,0,1
BRDA:5,0,1,2
BRF:2
BRH:2
end_of_record
TN:
SF:src\pages\AdminPage.tsx
FN:6,(anonymous_0)
FN:27,(anonymous_1)
FN:34,(anonymous_2)
FN:39,(anonymous_3)
FN:46,(anonymous_4)
FN:61,(anonymous_5)
FN:90,(anonymous_6)
FN:94,(anonymous_7)
FN:94,(anonymous_8)
FN:164,(anonymous_9)
FN:172,(anonymous_10)
FN:194,(anonymous_11)
FN:211,(anonymous_12)
FN:224,(anonymous_13)
FN:233,(anonymous_14)
FN:249,(anonymous_15)
FN:259,(anonymous_16)
FN:268,(anonymous_17)
FN:273,(anonymous_18)
FNF:19
FNH:4
FNDA:6,(anonymous_0)
FNDA:2,(anonymous_1)
FNDA:2,(anonymous_2)
FNDA:1,(anonymous_3)
FNDA:0,(anonymous_4)
FNDA:0,(anonymous_5)
FNDA:0,(anonymous_6)
FNDA:0,(anonymous_7)
FNDA:0,(anonymous_8)
FNDA:0,(anonymous_9)
FNDA:0,(anonymous_10)
FNDA:0,(anonymous_11)
FNDA:0,(anonymous_12)
FNDA:0,(anonymous_13)
FNDA:0,(anonymous_14)
FNDA:0,(anonymous_15)
FNDA:0,(anonymous_16)
FNDA:0,(anonymous_17)
FNDA:0,(anonymous_18)
DA:6,1
DA:7,6
DA:8,6
DA:11,6
DA:14,6
DA:17,6
DA:27,6
DA:28,2
DA:29,2
DA:30,2
DA:31,2
DA:34,6
DA:35,2
DA:39,6
DA:40,1
DA:41,1
DA:42,1
DA:46,6
DA:47,0
DA:48,0
DA:57,0
DA:61,6
DA:62,0
DA:64,0
DA:72,0
DA:74,0
DA:77,0
DA:80,0
DA:81,0
DA:82,0
DA:83,0
DA:85,0
DA:90,6
DA:91,0
DA:92,0
DA:93,0
DA:94,0
DA:96,0
DA:164,0
DA:172,0
DA:194,0
DA:211,0
DA:224,0
DA:233,0
DA:249,0
DA:259,0
DA:268,0
DA:273,0
LF:48
LH:20
BRDA:55,0,0,0
BRDA:55,0,1,0
BRDA:66,1,0,0
BRDA:66,1,1,0
BRDA:72,2,0,0
BRDA:72,2,1,0
BRDA:80,3,0,0
BRDA:80,3,1,0
BRDA:81,4,0,0
BRDA:81,4,1,0
BRDA:91,5,0,0
BRDA:91,5,1,0
BRDA:93,6,0,0
BRDA:93,6,1,0
BRDA:136,7,0,1
BRDA:136,7,1,1
BRDA:196,8,0,0
BRDA:196,8,1,5
BRDA:202,9,0,0
BRDA:202,9,1,5
BRDA:277,10,0,0
BRDA:277,10,1,5
BRF:22
BRH:5
end_of_record
